<?xml version="1.0" encoding="UTF-8"?>
<!-- Generated by org.testng.reporters.JUnitReportReporter -->
<testsuite hostname="DESKTOP-TUIP9G8" failures="0" tests="1" name="TestCase.TVS_Login_Page_TestCase" time="31.850" errors="0" timestamp="2023-03-04T10:24:13 IST" skipped="0">
  <testcase classname="TestCase.TVS_Login_Page_TestCase" name="Valid_Data" time="31.850"/>
  <system-out/>
</testsuite> <!-- TestCase.TVS_Login_Page_TestCase -->
